

============================== 2023-01-30 10:48:37.105265 | e2beb3fb-8a39-46f5-ab58-371ff780ac82 ==============================
[0m10:48:37.105265 [info ] [MainThread]: Running with dbt=1.4.1
[0m10:48:37.107332 [debug] [MainThread]: running dbt with arguments {'write_json': True, 'use_colors': True, 'printer_width': 80, 'version_check': True, 'partial_parse': True, 'static_parser': True, 'profiles_dir': '/root/.dbt', 'send_anonymous_usage_stats': True, 'quiet': False, 'no_print': False, 'cache_selected_only': False, 'project_name': 'dbt_transformation_handson', 'skip_profile_setup': False, 'which': 'init', 'indirect_selection': 'eager'}
[0m10:48:37.107531 [debug] [MainThread]: Tracking: tracking
[0m10:48:37.109896 [debug] [MainThread]: Sending event: {'category': 'dbt', 'action': 'invocation', 'label': 'start', 'context': [<snowplow_tracker.self_describing_json.SelfDescribingJson object at 0x7fd8cb965f60>, <snowplow_tracker.self_describing_json.SelfDescribingJson object at 0x7fd8cb965420>, <snowplow_tracker.self_describing_json.SelfDescribingJson object at 0x7fd8cb965d80>]}
[0m10:48:37.110332 [info ] [MainThread]: Creating dbt configuration folder at /root/.dbt
[0m10:48:37.111242 [debug] [MainThread]: Starter project path: /usr/local/lib/python3.10/site-packages/dbt/include/starter_project
[0m10:48:48.240074 [info ] [MainThread]: Profile dbt_transformation_handson written to /root/.dbt/profiles.yml using target's sample configuration. Once updated, you'll be able to start developing with dbt.
[0m10:48:48.240487 [info ] [MainThread]: 
Your new dbt project "dbt_transformation_handson" was created!

For more information on how to configure the profiles.yml file,
please consult the dbt documentation here:

  https://docs.getdbt.com/docs/configure-your-profile

One more thing:

Need help? Don't hesitate to reach out to us via GitHub issues or on Slack:

  https://community.getdbt.com/

Happy modeling!

[0m10:48:48.240816 [debug] [MainThread]: Sending event: {'category': 'dbt', 'action': 'invocation', 'label': 'end', 'context': [<snowplow_tracker.self_describing_json.SelfDescribingJson object at 0x7fd8cda66ce0>, <snowplow_tracker.self_describing_json.SelfDescribingJson object at 0x7fd8cdc6fb20>, <snowplow_tracker.self_describing_json.SelfDescribingJson object at 0x7fd8cb964070>]}
[0m10:48:48.241159 [debug] [MainThread]: Flushing usage events


============================== 2023-01-31 09:16:30.808698 | b829cbe7-a714-4509-8d18-497354458e9b ==============================
[0m09:16:30.808698 [info ] [MainThread]: Running with dbt=1.4.1
[0m09:16:30.810577 [debug] [MainThread]: running dbt with arguments {'write_json': True, 'use_colors': True, 'printer_width': 120, 'version_check': True, 'partial_parse': True, 'static_parser': True, 'profiles_dir': '/root/.dbt', 'send_anonymous_usage_stats': False, 'quiet': False, 'no_print': False, 'cache_selected_only': False, 'config_dir': False, 'which': 'debug', 'indirect_selection': 'eager'}
[0m09:16:30.810777 [debug] [MainThread]: Tracking: do not track
[0m09:16:30.900441 [debug] [MainThread]: Executing "git --help"
[0m09:16:30.905520 [debug] [MainThread]: STDOUT: "b"usage: git [--version] [--help] [-c name=value]\n           [--exec-path[=<path>]] [--html-path] [--man-path] [--info-path]\n           [-p|--paginate|--no-pager] [--no-replace-objects] [--bare]\n           [--git-dir=<path>] [--work-tree=<path>] [--namespace=<name>]\n           <command> [<args>]\n\nThe most commonly used git commands are:\n   add        Add file contents to the index\n   bisect     Find by binary search the change that introduced a bug\n   branch     List, create, or delete branches\n   checkout   Checkout a branch or paths to the working tree\n   clone      Clone a repository into a new directory\n   commit     Record changes to the repository\n   diff       Show changes between commits, commit and working tree, etc\n   fetch      Download objects and refs from another repository\n   grep       Print lines matching a pattern\n   init       Create an empty Git repository or reinitialize an existing one\n   log        Show commit logs\n   merge      Join two or more development histories together\n   mv         Move or rename a file, a directory, or a symlink\n   pull       Fetch from and merge with another repository or a local branch\n   push       Update remote refs along with associated objects\n   rebase     Forward-port local commits to the updated upstream head\n   reset      Reset current HEAD to the specified state\n   rm         Remove files from the working tree and from the index\n   show       Show various types of objects\n   status     Show the working tree status\n   tag        Create, list, delete or verify a tag object signed with GPG\n\n'git help -a' and 'git help -g' lists available subcommands and some\nconcept guides. See 'git help <command>' or 'git help <concept>'\nto read about a specific subcommand or concept.\n""
[0m09:16:30.905772 [debug] [MainThread]: STDERR: "b''"
[0m09:16:30.909532 [debug] [MainThread]: Acquiring new postgres connection 'debug'
[0m09:16:30.909823 [debug] [MainThread]: Using postgres connection "debug"
[0m09:16:30.910060 [debug] [MainThread]: On debug: select 1 as id
[0m09:16:30.910270 [debug] [MainThread]: Opening a new connection, currently in state init
[0m09:16:30.920955 [debug] [MainThread]: SQL status: SELECT 1 in 0 seconds
[0m09:16:30.924197 [debug] [MainThread]: On debug: Close
[0m09:16:30.925283 [debug] [MainThread]: Flushing usage events
[0m09:16:30.925531 [debug] [MainThread]: Connection 'debug' was properly closed.


============================== 2023-01-31 09:18:05.045445 | d073dfbf-140a-4756-bd06-69b4f0dc4b60 ==============================
[0m09:18:05.045445 [info ] [MainThread]: Running with dbt=1.4.1
[0m09:18:05.047308 [debug] [MainThread]: running dbt with arguments {'write_json': True, 'use_colors': True, 'printer_width': 120, 'version_check': True, 'partial_parse': True, 'static_parser': True, 'profiles_dir': '/root/.dbt', 'send_anonymous_usage_stats': False, 'quiet': False, 'no_print': False, 'cache_selected_only': False, 'config_dir': False, 'which': 'debug', 'indirect_selection': 'eager'}
[0m09:18:05.047511 [debug] [MainThread]: Tracking: do not track
[0m09:18:05.137496 [debug] [MainThread]: Executing "git --help"
[0m09:18:05.146569 [debug] [MainThread]: STDOUT: "b"usage: git [--version] [--help] [-c name=value]\n           [--exec-path[=<path>]] [--html-path] [--man-path] [--info-path]\n           [-p|--paginate|--no-pager] [--no-replace-objects] [--bare]\n           [--git-dir=<path>] [--work-tree=<path>] [--namespace=<name>]\n           <command> [<args>]\n\nThe most commonly used git commands are:\n   add        Add file contents to the index\n   bisect     Find by binary search the change that introduced a bug\n   branch     List, create, or delete branches\n   checkout   Checkout a branch or paths to the working tree\n   clone      Clone a repository into a new directory\n   commit     Record changes to the repository\n   diff       Show changes between commits, commit and working tree, etc\n   fetch      Download objects and refs from another repository\n   grep       Print lines matching a pattern\n   init       Create an empty Git repository or reinitialize an existing one\n   log        Show commit logs\n   merge      Join two or more development histories together\n   mv         Move or rename a file, a directory, or a symlink\n   pull       Fetch from and merge with another repository or a local branch\n   push       Update remote refs along with associated objects\n   rebase     Forward-port local commits to the updated upstream head\n   reset      Reset current HEAD to the specified state\n   rm         Remove files from the working tree and from the index\n   show       Show various types of objects\n   status     Show the working tree status\n   tag        Create, list, delete or verify a tag object signed with GPG\n\n'git help -a' and 'git help -g' lists available subcommands and some\nconcept guides. See 'git help <command>' or 'git help <concept>'\nto read about a specific subcommand or concept.\n""
[0m09:18:05.146986 [debug] [MainThread]: STDERR: "b''"
[0m09:18:05.153377 [debug] [MainThread]: Acquiring new postgres connection 'debug'
[0m09:18:05.153874 [debug] [MainThread]: Using postgres connection "debug"
[0m09:18:05.154268 [debug] [MainThread]: On debug: select 1 as id
[0m09:18:05.154644 [debug] [MainThread]: Opening a new connection, currently in state init
[0m09:18:05.166207 [debug] [MainThread]: SQL status: SELECT 1 in 0 seconds
[0m09:18:05.167268 [debug] [MainThread]: On debug: Close
[0m09:18:05.167639 [debug] [MainThread]: Flushing usage events
[0m09:18:05.167911 [debug] [MainThread]: Connection 'debug' was properly closed.


============================== 2023-01-31 09:24:12.964944 | 4e5288ff-1b83-457e-a270-b45c594cfa61 ==============================
[0m09:24:12.964944 [info ] [MainThread]: Running with dbt=1.4.1
[0m09:24:12.966886 [debug] [MainThread]: running dbt with arguments {'write_json': True, 'use_colors': True, 'printer_width': 120, 'version_check': True, 'partial_parse': True, 'static_parser': True, 'profiles_dir': '/root/.dbt', 'send_anonymous_usage_stats': False, 'quiet': False, 'no_print': False, 'cache_selected_only': False, 'config_dir': False, 'which': 'debug', 'indirect_selection': 'eager'}
[0m09:24:12.967130 [debug] [MainThread]: Tracking: do not track
[0m09:24:13.058272 [debug] [MainThread]: Executing "git --help"
[0m09:24:13.065694 [debug] [MainThread]: STDOUT: "b"usage: git [--version] [--help] [-c name=value]\n           [--exec-path[=<path>]] [--html-path] [--man-path] [--info-path]\n           [-p|--paginate|--no-pager] [--no-replace-objects] [--bare]\n           [--git-dir=<path>] [--work-tree=<path>] [--namespace=<name>]\n           <command> [<args>]\n\nThe most commonly used git commands are:\n   add        Add file contents to the index\n   bisect     Find by binary search the change that introduced a bug\n   branch     List, create, or delete branches\n   checkout   Checkout a branch or paths to the working tree\n   clone      Clone a repository into a new directory\n   commit     Record changes to the repository\n   diff       Show changes between commits, commit and working tree, etc\n   fetch      Download objects and refs from another repository\n   grep       Print lines matching a pattern\n   init       Create an empty Git repository or reinitialize an existing one\n   log        Show commit logs\n   merge      Join two or more development histories together\n   mv         Move or rename a file, a directory, or a symlink\n   pull       Fetch from and merge with another repository or a local branch\n   push       Update remote refs along with associated objects\n   rebase     Forward-port local commits to the updated upstream head\n   reset      Reset current HEAD to the specified state\n   rm         Remove files from the working tree and from the index\n   show       Show various types of objects\n   status     Show the working tree status\n   tag        Create, list, delete or verify a tag object signed with GPG\n\n'git help -a' and 'git help -g' lists available subcommands and some\nconcept guides. See 'git help <command>' or 'git help <concept>'\nto read about a specific subcommand or concept.\n""
[0m09:24:13.066050 [debug] [MainThread]: STDERR: "b''"
[0m09:24:13.070918 [debug] [MainThread]: Acquiring new postgres connection 'debug'
[0m09:24:13.071324 [debug] [MainThread]: Using postgres connection "debug"
[0m09:24:13.071617 [debug] [MainThread]: On debug: select 1 as id
[0m09:24:13.071915 [debug] [MainThread]: Opening a new connection, currently in state init
[0m09:24:13.079274 [debug] [MainThread]: SQL status: SELECT 1 in 0 seconds
[0m09:24:13.080385 [debug] [MainThread]: On debug: Close
[0m09:24:13.080765 [debug] [MainThread]: Flushing usage events
[0m09:24:13.081047 [debug] [MainThread]: Connection 'debug' was properly closed.


============================== 2023-01-31 09:26:11.164556 | 2e51618e-5842-43a7-8236-35473cf42e23 ==============================
[0m09:26:11.164556 [info ] [MainThread]: Running with dbt=1.4.1
[0m09:26:11.166473 [debug] [MainThread]: running dbt with arguments {'write_json': True, 'use_colors': True, 'printer_width': 120, 'version_check': True, 'partial_parse': True, 'static_parser': True, 'profiles_dir': '/root/.dbt', 'send_anonymous_usage_stats': False, 'quiet': False, 'no_print': False, 'cache_selected_only': False, 'config_dir': False, 'which': 'debug', 'indirect_selection': 'eager'}
[0m09:26:11.166670 [debug] [MainThread]: Tracking: do not track
[0m09:26:11.262356 [debug] [MainThread]: Executing "git --help"
[0m09:26:11.275418 [debug] [MainThread]: STDOUT: "b"usage: git [--version] [--help] [-c name=value]\n           [--exec-path[=<path>]] [--html-path] [--man-path] [--info-path]\n           [-p|--paginate|--no-pager] [--no-replace-objects] [--bare]\n           [--git-dir=<path>] [--work-tree=<path>] [--namespace=<name>]\n           <command> [<args>]\n\nThe most commonly used git commands are:\n   add        Add file contents to the index\n   bisect     Find by binary search the change that introduced a bug\n   branch     List, create, or delete branches\n   checkout   Checkout a branch or paths to the working tree\n   clone      Clone a repository into a new directory\n   commit     Record changes to the repository\n   diff       Show changes between commits, commit and working tree, etc\n   fetch      Download objects and refs from another repository\n   grep       Print lines matching a pattern\n   init       Create an empty Git repository or reinitialize an existing one\n   log        Show commit logs\n   merge      Join two or more development histories together\n   mv         Move or rename a file, a directory, or a symlink\n   pull       Fetch from and merge with another repository or a local branch\n   push       Update remote refs along with associated objects\n   rebase     Forward-port local commits to the updated upstream head\n   reset      Reset current HEAD to the specified state\n   rm         Remove files from the working tree and from the index\n   show       Show various types of objects\n   status     Show the working tree status\n   tag        Create, list, delete or verify a tag object signed with GPG\n\n'git help -a' and 'git help -g' lists available subcommands and some\nconcept guides. See 'git help <command>' or 'git help <concept>'\nto read about a specific subcommand or concept.\n""
[0m09:26:11.276171 [debug] [MainThread]: STDERR: "b''"
[0m09:26:11.280904 [debug] [MainThread]: Acquiring new postgres connection 'debug'
[0m09:26:11.281246 [debug] [MainThread]: Using postgres connection "debug"
[0m09:26:11.281459 [debug] [MainThread]: On debug: select 1 as id
[0m09:26:11.281664 [debug] [MainThread]: Opening a new connection, currently in state init
[0m09:26:11.295238 [debug] [MainThread]: SQL status: SELECT 1 in 0 seconds
[0m09:26:11.296314 [debug] [MainThread]: On debug: Close
[0m09:26:11.296709 [debug] [MainThread]: Flushing usage events
[0m09:26:11.296977 [debug] [MainThread]: Connection 'debug' was properly closed.


============================== 2023-01-31 12:01:07.508431 | 5d0dc608-a88e-4801-8f4a-bd9720f49792 ==============================
[0m12:01:07.508431 [info ] [MainThread]: Running with dbt=1.4.1
[0m12:01:07.510529 [debug] [MainThread]: running dbt with arguments {'write_json': True, 'use_colors': True, 'printer_width': 80, 'version_check': True, 'partial_parse': True, 'static_parser': True, 'profiles_dir': '/root/dbt_transformation_handson', 'send_anonymous_usage_stats': True, 'quiet': False, 'no_print': False, 'cache_selected_only': False, 'which': 'run', 'rpc_method': 'run', 'indirect_selection': 'eager'}
[0m12:01:07.510731 [debug] [MainThread]: Tracking: tracking
[0m12:01:07.514257 [debug] [MainThread]: Sending event: {'category': 'dbt', 'action': 'invocation', 'label': 'start', 'context': [<snowplow_tracker.self_describing_json.SelfDescribingJson object at 0x7f4f99741780>, <snowplow_tracker.self_describing_json.SelfDescribingJson object at 0x7f4f99a64790>, <snowplow_tracker.self_describing_json.SelfDescribingJson object at 0x7f4f99a65990>]}
[0m12:01:07.533945 [info ] [MainThread]: Unable to do partial parsing because saved manifest not found. Starting full parse.
[0m12:01:07.534280 [debug] [MainThread]: Sending event: {'category': 'dbt', 'action': 'partial_parser', 'label': '5d0dc608-a88e-4801-8f4a-bd9720f49792', 'context': [<snowplow_tracker.self_describing_json.SelfDescribingJson object at 0x7f4f99741720>]}
[0m12:01:07.537183 [debug] [MainThread]: Sending event: {'category': 'dbt', 'action': 'invocation', 'label': 'end', 'context': [<snowplow_tracker.self_describing_json.SelfDescribingJson object at 0x7f4f99742e90>, <snowplow_tracker.self_describing_json.SelfDescribingJson object at 0x7f4f99743310>, <snowplow_tracker.self_describing_json.SelfDescribingJson object at 0x7f4f997435e0>]}
[0m12:01:07.537491 [debug] [MainThread]: Flushing usage events
[0m12:01:08.996602 [error] [MainThread]: Encountered an error:
Compilation Error
  The yml property file at models/profiles.yml is invalid because the yml property file models/profiles.yml is missing a version tag. Please consult the documentation for more information on yml property file syntax:
  
  https://docs.getdbt.com/reference/configs-and-properties


============================== 2023-01-31 12:24:46.024634 | ffb71516-dd2d-4cf6-a4d6-d15044ae147f ==============================
[0m12:24:46.024634 [info ] [MainThread]: Running with dbt=1.4.1
[0m12:24:46.026623 [debug] [MainThread]: running dbt with arguments {'write_json': True, 'use_colors': True, 'printer_width': 80, 'version_check': True, 'partial_parse': True, 'static_parser': True, 'profiles_dir': '/root/dbt_transformation_handson', 'send_anonymous_usage_stats': True, 'quiet': False, 'no_print': False, 'cache_selected_only': False, 'which': 'run', 'rpc_method': 'run', 'indirect_selection': 'eager'}
[0m12:24:46.026851 [debug] [MainThread]: Tracking: tracking
[0m12:24:46.029359 [debug] [MainThread]: Sending event: {'category': 'dbt', 'action': 'invocation', 'label': 'start', 'context': [<snowplow_tracker.self_describing_json.SelfDescribingJson object at 0x7f1d7a603820>, <snowplow_tracker.self_describing_json.SelfDescribingJson object at 0x7f1d7a9269e0>, <snowplow_tracker.self_describing_json.SelfDescribingJson object at 0x7f1d7a924970>]}
[0m12:24:46.041789 [info ] [MainThread]: Unable to do partial parsing because saved manifest not found. Starting full parse.
[0m12:24:46.042108 [debug] [MainThread]: Sending event: {'category': 'dbt', 'action': 'partial_parser', 'label': 'ffb71516-dd2d-4cf6-a4d6-d15044ae147f', 'context': [<snowplow_tracker.self_describing_json.SelfDescribingJson object at 0x7f1d7a603af0>]}
[0m12:24:46.044900 [debug] [MainThread]: Sending event: {'category': 'dbt', 'action': 'invocation', 'label': 'end', 'context': [<snowplow_tracker.self_describing_json.SelfDescribingJson object at 0x7f1d7a601840>, <snowplow_tracker.self_describing_json.SelfDescribingJson object at 0x7f1d7a600d00>, <snowplow_tracker.self_describing_json.SelfDescribingJson object at 0x7f1d7a600a30>]}
[0m12:24:46.045222 [debug] [MainThread]: Flushing usage events
[0m12:24:47.034864 [error] [MainThread]: Encountered an error:
Compilation Error
  The yml property file at models/profiles.yml is invalid because the yml property file models/profiles.yml is missing a version tag. Please consult the documentation for more information on yml property file syntax:
  
  https://docs.getdbt.com/reference/configs-and-properties


============================== 2023-02-01 05:51:09.693282 | 5488932e-8588-4f28-a90c-3fb2eaf40d47 ==============================
[0m05:51:09.693282 [info ] [MainThread]: Running with dbt=1.4.1
[0m05:51:09.695308 [debug] [MainThread]: running dbt with arguments {'write_json': True, 'use_colors': True, 'printer_width': 120, 'version_check': True, 'partial_parse': True, 'static_parser': True, 'profiles_dir': '/root/dbt_transformation_handson/models', 'send_anonymous_usage_stats': False, 'quiet': False, 'no_print': False, 'cache_selected_only': False, 'which': 'run', 'rpc_method': 'run', 'indirect_selection': 'eager'}
[0m05:51:09.695509 [debug] [MainThread]: Tracking: do not track
[0m05:51:09.709603 [info ] [MainThread]: Unable to do partial parsing because saved manifest not found. Starting full parse.
[0m05:51:09.712549 [debug] [MainThread]: Flushing usage events
[0m05:51:09.712870 [error] [MainThread]: Encountered an error:
Compilation Error
  The yml property file at models/profiles.yml is invalid because the yml property file models/profiles.yml is missing a version tag. Please consult the documentation for more information on yml property file syntax:
  
  https://docs.getdbt.com/reference/configs-and-properties


============================== 2023-02-01 05:51:45.896209 | 84868049-43d5-43af-a8b1-307eebeeca8c ==============================
[0m05:51:45.896209 [info ] [MainThread]: Running with dbt=1.4.1
[0m05:51:45.898221 [debug] [MainThread]: running dbt with arguments {'write_json': True, 'use_colors': True, 'printer_width': 120, 'version_check': True, 'partial_parse': True, 'static_parser': True, 'profiles_dir': '/root/dbt_transformation_handson/models', 'send_anonymous_usage_stats': False, 'quiet': False, 'no_print': False, 'cache_selected_only': False, 'which': 'run', 'rpc_method': 'run', 'indirect_selection': 'eager'}
[0m05:51:45.898414 [debug] [MainThread]: Tracking: do not track
[0m05:51:45.911782 [info ] [MainThread]: Unable to do partial parsing because saved manifest not found. Starting full parse.
[0m05:51:45.914968 [debug] [MainThread]: Flushing usage events
[0m05:51:45.915270 [error] [MainThread]: Encountered an error:
Parsing Error
  Error reading dbt_transformation_handson: example/schema.yml - Runtime Error
    Syntax error near line 17
    ------------------------------
    14 | models:
    15 | 
    16 |   - name:company
    17 |     description: "A starter dbt model"
    18 |     config:
    19 |       materialized: view
    20 |     columns:
    
    Raw Error:
    ------------------------------
    mapping values are not allowed in this context
      in "<unicode string>", line 17, column 16


============================== 2023-02-01 05:53:23.506100 | 819d623a-f0e2-4aa9-aca1-a07bfd600329 ==============================
[0m05:53:23.506100 [info ] [MainThread]: Running with dbt=1.4.1
[0m05:53:23.508136 [debug] [MainThread]: running dbt with arguments {'write_json': True, 'use_colors': True, 'printer_width': 120, 'version_check': True, 'partial_parse': True, 'static_parser': True, 'profiles_dir': '/root/dbt_transformation_handson/models', 'send_anonymous_usage_stats': False, 'quiet': False, 'no_print': False, 'cache_selected_only': False, 'which': 'run', 'rpc_method': 'run', 'indirect_selection': 'eager'}
[0m05:53:23.508333 [debug] [MainThread]: Tracking: do not track
[0m05:53:23.522965 [info ] [MainThread]: Unable to do partial parsing because saved manifest not found. Starting full parse.
[0m05:53:23.526120 [debug] [MainThread]: Flushing usage events
[0m05:53:23.526431 [error] [MainThread]: Encountered an error:
Parsing Error
  Error reading dbt_transformation_handson: example/schema.yml - Runtime Error
    Syntax error near line 17
    ------------------------------
    14 | models:
    15 | 
    16 |   - name:company
    17 |     config:
    18 |       materialized: view
    19 |     columns:
    20 |       - name: EMP_ID
    
    Raw Error:
    ------------------------------
    mapping values are not allowed in this context
      in "<unicode string>", line 17, column 11


============================== 2023-02-02 12:00:11.397880 | 45218951-70e1-444c-88dd-63bfcb0531cb ==============================
[0m12:00:11.397880 [info ] [MainThread]: Running with dbt=1.4.1
[0m12:00:11.399747 [debug] [MainThread]: running dbt with arguments {'write_json': True, 'use_colors': True, 'printer_width': 120, 'version_check': True, 'partial_parse': True, 'static_parser': True, 'profiles_dir': '/root/.dbt', 'send_anonymous_usage_stats': False, 'quiet': False, 'no_print': False, 'cache_selected_only': False, 'project_dir': '/root/models', 'config_dir': False, 'which': 'debug', 'indirect_selection': 'eager'}
[0m12:00:11.399989 [debug] [MainThread]: Tracking: do not track
[0m12:00:11.487195 [debug] [MainThread]: Executing "git --help"
[0m12:00:11.495785 [debug] [MainThread]: STDOUT: "b"usage: git [--version] [--help] [-c name=value]\n           [--exec-path[=<path>]] [--html-path] [--man-path] [--info-path]\n           [-p|--paginate|--no-pager] [--no-replace-objects] [--bare]\n           [--git-dir=<path>] [--work-tree=<path>] [--namespace=<name>]\n           <command> [<args>]\n\nThe most commonly used git commands are:\n   add        Add file contents to the index\n   bisect     Find by binary search the change that introduced a bug\n   branch     List, create, or delete branches\n   checkout   Checkout a branch or paths to the working tree\n   clone      Clone a repository into a new directory\n   commit     Record changes to the repository\n   diff       Show changes between commits, commit and working tree, etc\n   fetch      Download objects and refs from another repository\n   grep       Print lines matching a pattern\n   init       Create an empty Git repository or reinitialize an existing one\n   log        Show commit logs\n   merge      Join two or more development histories together\n   mv         Move or rename a file, a directory, or a symlink\n   pull       Fetch from and merge with another repository or a local branch\n   push       Update remote refs along with associated objects\n   rebase     Forward-port local commits to the updated upstream head\n   reset      Reset current HEAD to the specified state\n   rm         Remove files from the working tree and from the index\n   show       Show various types of objects\n   status     Show the working tree status\n   tag        Create, list, delete or verify a tag object signed with GPG\n\n'git help -a' and 'git help -g' lists available subcommands and some\nconcept guides. See 'git help <command>' or 'git help <concept>'\nto read about a specific subcommand or concept.\n""
[0m12:00:11.496029 [debug] [MainThread]: STDERR: "b''"
[0m12:00:11.500503 [debug] [MainThread]: Acquiring new postgres connection 'debug'
[0m12:00:11.500786 [debug] [MainThread]: Using postgres connection "debug"
[0m12:00:11.501024 [debug] [MainThread]: On debug: select 1 as id
[0m12:00:11.501231 [debug] [MainThread]: Opening a new connection, currently in state init
[0m12:00:11.513129 [debug] [MainThread]: SQL status: SELECT 1 in 0 seconds
[0m12:00:11.514939 [debug] [MainThread]: On debug: Close
[0m12:00:11.515301 [debug] [MainThread]: Flushing usage events
[0m12:00:11.515546 [debug] [MainThread]: Connection 'debug' was properly closed.
