

============================== 2023-01-30 14:13:21.228448 | 6526d80a-cc11-4965-aa28-bb0738385656 ==============================
[0m14:13:21.228448 [info ] [MainThread]: Running with dbt=1.4.1
[0m14:13:21.230428 [debug] [MainThread]: running dbt with arguments {'write_json': True, 'use_colors': True, 'printer_width': 120, 'version_check': True, 'partial_parse': True, 'static_parser': True, 'profiles_dir': '/root/models/generated/tutorial/normalization-files/normalize', 'send_anonymous_usage_stats': False, 'quiet': False, 'no_print': False, 'cache_selected_only': False, 'project_dir': '/root/models/generated/tutorial/normalization-files/normalize', 'which': 'deps', 'rpc_method': 'deps', 'indirect_selection': 'eager'}
[0m14:13:21.230637 [debug] [MainThread]: Tracking: do not track
[0m14:13:21.235709 [debug] [MainThread]: Set downloads directory='/tmp/dbt-downloads-k__eqoc4'
[0m14:13:21.236219 [debug] [MainThread]: Executing "git clone --depth 1 https://github.com/fishtown-analytics/dbt-utils.git 859fd0fa21176efee375a447937f7a46"
[0m14:13:22.857049 [debug] [MainThread]: STDOUT: "b"Cloning into '859fd0fa21176efee375a447937f7a46'...\n""
[0m14:13:22.857395 [debug] [MainThread]: STDERR: "b''"
[0m14:13:22.857915 [debug] [MainThread]: Flushing usage events
[0m14:13:22.858210 [error] [MainThread]: Encountered an error:
Runtime Error
  Error cloning https://github.com/fishtown-analytics/dbt-utils.git - never saw "Cloning into ..." from git


============================== 2023-01-30 14:15:24.589056 | 5e4d09cc-ab2f-4735-84af-8e426b373e2a ==============================
[0m14:15:24.589056 [info ] [MainThread]: Running with dbt=1.4.1
[0m14:15:24.591192 [debug] [MainThread]: running dbt with arguments {'write_json': True, 'use_colors': True, 'printer_width': 120, 'version_check': True, 'partial_parse': True, 'static_parser': True, 'profiles_dir': '/root/models/generated/tutorial/normalization-files/normalize', 'send_anonymous_usage_stats': False, 'quiet': False, 'no_print': False, 'cache_selected_only': False, 'project_dir': '/root/models/generated/tutorial/normalization-files/normalize', 'which': 'deps', 'rpc_method': 'deps', 'indirect_selection': 'eager'}
[0m14:15:24.591407 [debug] [MainThread]: Tracking: do not track
[0m14:15:24.594851 [debug] [MainThread]: Set downloads directory='/tmp/dbt-downloads-n45greq2'
[0m14:15:24.595406 [debug] [MainThread]: Executing "git clone --depth 1 https://github.com/fishtown-analytics/dbt-utils.git 859fd0fa21176efee375a447937f7a46"
[0m14:15:26.095857 [debug] [MainThread]: STDOUT: "b"Cloning into '859fd0fa21176efee375a447937f7a46'...\n""
[0m14:15:26.096683 [debug] [MainThread]: STDERR: "b''"
[0m14:15:26.098169 [debug] [MainThread]: Flushing usage events
[0m14:15:26.099047 [error] [MainThread]: Encountered an error:
Runtime Error
  Error cloning https://github.com/fishtown-analytics/dbt-utils.git - never saw "Cloning into ..." from git


============================== 2023-01-30 14:16:25.605767 | 4a65eb31-24f8-4ea7-9644-e980927c1864 ==============================
[0m14:16:25.605767 [info ] [MainThread]: Running with dbt=1.4.1
[0m14:16:25.607702 [debug] [MainThread]: running dbt with arguments {'write_json': True, 'use_colors': True, 'printer_width': 120, 'version_check': True, 'partial_parse': True, 'static_parser': True, 'profiles_dir': '/root/models/generated/tutorial/normalization-files/normalize', 'send_anonymous_usage_stats': False, 'quiet': False, 'no_print': False, 'cache_selected_only': False, 'project_dir': '/root/models/generated/tutorial/normalization-files/normalize', 'full_refresh': True, 'which': 'run', 'rpc_method': 'run', 'indirect_selection': 'eager'}
[0m14:16:25.607927 [debug] [MainThread]: Tracking: do not track
[0m14:16:25.611395 [debug] [MainThread]: Flushing usage events
[0m14:16:25.611681 [error] [MainThread]: Encountered an error:
Compilation Error
  dbt found 1 package(s) specified in packages.yml, but only 0 package(s) installed in /dbt. Run "dbt deps" to install package dependencies.


============================== 2023-01-30 15:05:00.495169 | e721c365-3e45-4bbe-ada4-6e1ee026e05c ==============================
[0m15:05:00.495169 [info ] [MainThread]: Running with dbt=1.4.1
[0m15:05:00.497156 [debug] [MainThread]: running dbt with arguments {'write_json': True, 'use_colors': True, 'printer_width': 120, 'version_check': True, 'partial_parse': True, 'static_parser': True, 'profiles_dir': '/root/models/generated/tutorial/normalization-files/normalize', 'send_anonymous_usage_stats': False, 'quiet': False, 'no_print': False, 'cache_selected_only': False, 'project_dir': '/root/models/generated/tutorial/normalization-files/normalize', 'which': 'deps', 'rpc_method': 'deps', 'indirect_selection': 'eager'}
[0m15:05:00.497358 [debug] [MainThread]: Tracking: do not track
[0m15:05:00.501789 [debug] [MainThread]: Set downloads directory='/tmp/dbt-downloads-vpe5_o4p'
[0m15:05:00.502335 [debug] [MainThread]: Executing "git clone --depth 1 https://github.com/fishtown-analytics/dbt-utils.git 859fd0fa21176efee375a447937f7a46"
[0m15:05:02.158418 [debug] [MainThread]: STDOUT: "b"Cloning into '859fd0fa21176efee375a447937f7a46'...\n""
[0m15:05:02.159336 [debug] [MainThread]: STDERR: "b''"
[0m15:05:02.160805 [debug] [MainThread]: Flushing usage events
[0m15:05:02.161761 [error] [MainThread]: Encountered an error:
Runtime Error
  Error cloning https://github.com/fishtown-analytics/dbt-utils.git - never saw "Cloning into ..." from git


============================== 2023-01-30 15:05:22.421744 | 6da791cf-dd37-47dc-816c-bb9df4c712d2 ==============================
[0m15:05:22.421744 [info ] [MainThread]: Running with dbt=1.4.1
[0m15:05:22.423703 [debug] [MainThread]: running dbt with arguments {'write_json': True, 'use_colors': True, 'printer_width': 120, 'version_check': True, 'partial_parse': True, 'static_parser': True, 'profiles_dir': '/root/models/generated/tutorial/normalization-files/normalize', 'send_anonymous_usage_stats': False, 'quiet': False, 'no_print': False, 'cache_selected_only': False, 'project_dir': '/root/models/generated/tutorial/normalization-files/normalize', 'full_refresh': True, 'which': 'run', 'rpc_method': 'run', 'indirect_selection': 'eager'}
[0m15:05:22.423934 [debug] [MainThread]: Tracking: do not track
[0m15:05:22.427426 [debug] [MainThread]: Flushing usage events
[0m15:05:22.427719 [error] [MainThread]: Encountered an error:
Compilation Error
  dbt found 1 package(s) specified in packages.yml, but only 0 package(s) installed in /dbt. Run "dbt deps" to install package dependencies.


============================== 2023-01-30 15:48:42.549356 | 6177eb51-ec5b-4a48-88f9-a8098c88fd41 ==============================
[0m15:48:42.549356 [info ] [MainThread]: Running with dbt=1.4.1
[0m15:48:42.551307 [debug] [MainThread]: running dbt with arguments {'write_json': True, 'use_colors': True, 'printer_width': 120, 'version_check': True, 'partial_parse': True, 'static_parser': True, 'profiles_dir': '/root/models/generated/tutorial/normalization-files/normalize', 'send_anonymous_usage_stats': False, 'quiet': False, 'no_print': False, 'cache_selected_only': False, 'project_dir': '/root/models/generated/tutorial/normalization-files/normalize', 'which': 'deps', 'rpc_method': 'deps', 'indirect_selection': 'eager'}
[0m15:48:42.551511 [debug] [MainThread]: Tracking: do not track
[0m15:48:42.555919 [debug] [MainThread]: Set downloads directory='/tmp/dbt-downloads-u5wzamgt'
[0m15:48:42.556429 [debug] [MainThread]: Executing "git clone --depth 1 https://github.com/fishtown-analytics/dbt-utils.git 859fd0fa21176efee375a447937f7a46"
[0m15:48:45.370066 [debug] [MainThread]: STDOUT: "b"Cloning into '859fd0fa21176efee375a447937f7a46'...\n""
[0m15:48:45.370606 [debug] [MainThread]: STDERR: "b''"
[0m15:48:45.371158 [debug] [MainThread]: Flushing usage events
[0m15:48:45.371436 [error] [MainThread]: Encountered an error:
Runtime Error
  Error cloning https://github.com/fishtown-analytics/dbt-utils.git - never saw "Cloning into ..." from git
